[0m16:55:24.278847 [debug] [MainThread]: Sending event: {'category': 'dbt', 'action': 'invocation', 'label': 'start', 'context': [<snowplow_tracker.self_describing_json.SelfDescribingJson object at 0x104714f80>, <snowplow_tracker.self_describing_json.SelfDescribingJson object at 0x106bd9fd0>, <snowplow_tracker.self_describing_json.SelfDescribingJson object at 0x106bd9d60>]}


============================== 16:55:24.280937 | b169daa5-68c3-4eef-9c40-8c91615086d0 ==============================
[0m16:55:24.280937 [info ] [MainThread]: Running with dbt=1.11.8
[0m16:55:24.281164 [debug] [MainThread]: running dbt with arguments {'log_cache_events': 'False', 'introspect': 'True', 'static_parser': 'True', 'invocation_command': 'dbt debug', 'quiet': 'False', 'no_print': 'None', 'cache_selected_only': 'False', 'use_colors': 'True', 'warn_error': 'None', 'warn_error_options': 'WarnErrorOptionsV2(error=[], warn=[], silence=[])', 'log_path': '/Users/anjalisingh/dbt_databricks_project/logs', 'log_format': 'default', 'fail_fast': 'False', 'profiles_dir': '/Users/anjalisingh/.dbt', 'partial_parse': 'True', 'indirect_selection': 'eager', 'printer_width': '80', 'send_anonymous_usage_stats': 'True', 'version_check': 'True', 'debug': 'False', 'write_json': 'True', 'empty': 'None', 'target_path': 'None', 'use_experimental_parser': 'False'}
[0m16:55:24.287843 [info ] [MainThread]: dbt version: 1.11.8
[0m16:55:24.287996 [info ] [MainThread]: python version: 3.12.0
[0m16:55:24.288103 [info ] [MainThread]: python path: /Library/Frameworks/Python.framework/Versions/3.12/bin/python3
[0m16:55:24.288196 [info ] [MainThread]: os info: macOS-26.3.1-arm64-arm-64bit
[0m16:55:24.598234 [debug] [MainThread]: Spark adapter: Setting pyhive.hive logging to ERROR
[0m16:55:24.598431 [debug] [MainThread]: Spark adapter: Setting thrift.transport logging to ERROR
[0m16:55:24.598536 [debug] [MainThread]: Spark adapter: Setting thrift.protocol logging to ERROR
[0m16:55:24.920486 [info ] [MainThread]: Using profiles dir at /Users/anjalisingh/.dbt
[0m16:55:24.920696 [info ] [MainThread]: Using profiles.yml file at /Users/anjalisingh/.dbt/profiles.yml
[0m16:55:24.920804 [info ] [MainThread]: Using dbt_project.yml file at /Users/anjalisingh/dbt_databricks_project/dbt_project.yml
[0m16:55:24.920901 [info ] [MainThread]: adapter type: databricks
[0m16:55:24.920985 [info ] [MainThread]: adapter version: 1.11.7
[0m16:55:24.953416 [info ] [MainThread]: Configuration:
[0m16:55:24.953577 [info ] [MainThread]:   profiles.yml file [[32mOK found and valid[0m]
[0m16:55:24.953681 [info ] [MainThread]:   dbt_project.yml file [[32mOK found and valid[0m]
[0m16:55:24.953772 [info ] [MainThread]: Required dependencies:
[0m16:55:24.953914 [debug] [MainThread]: Executing "git --help"
[0m16:55:24.984255 [debug] [MainThread]: STDOUT: "b"usage: git [-v | --version] [-h | --help] [-C <path>] [-c <name>=<value>]\n           [--exec-path[=<path>]] [--html-path] [--man-path] [--info-path]\n           [-p | --paginate | -P | --no-pager] [--no-replace-objects] [--no-lazy-fetch]\n           [--no-optional-locks] [--no-advice] [--bare] [--git-dir=<path>]\n           [--work-tree=<path>] [--namespace=<name>] [--config-env=<name>=<envvar>]\n           <command> [<args>]\n\nThese are common Git commands used in various situations:\n\nstart a working area (see also: git help tutorial)\n   clone      Clone a repository into a new directory\n   init       Create an empty Git repository or reinitialize an existing one\n\nwork on the current change (see also: git help everyday)\n   add        Add file contents to the index\n   mv         Move or rename a file, a directory, or a symlink\n   restore    Restore working tree files\n   rm         Remove files from the working tree and from the index\n\nexamine the history and state (see also: git help revisions)\n   bisect     Use binary search to find the commit that introduced a bug\n   diff       Show changes between commits, commit and working tree, etc\n   grep       Print lines matching a pattern\n   log        Show commit logs\n   show       Show various types of objects\n   status     Show the working tree status\n\ngrow, mark and tweak your common history\n   backfill   Download missing objects in a partial clone\n   branch     List, create, or delete branches\n   commit     Record changes to the repository\n   merge      Join two or more development histories together\n   rebase     Reapply commits on top of another base tip\n   reset      Reset current HEAD to the specified state\n   switch     Switch branches\n   tag        Create, list, delete or verify a tag object signed with GPG\n\ncollaborate (see also: git help workflows)\n   fetch      Download objects and refs from another repository\n   pull       Fetch from and integrate with another repository or a local branch\n   push       Update remote refs along with associated objects\n\n'git help -a' and 'git help -g' list available subcommands and some\nconcept guides. See 'git help <command>' or 'git help <concept>'\nto read about a specific subcommand or concept.\nSee 'git help git' for an overview of the system.\n""
[0m16:55:24.984632 [debug] [MainThread]: STDERR: "b''"
[0m16:55:24.984753 [info ] [MainThread]:  - git [[32mOK found[0m]

[0m16:55:24.984876 [info ] [MainThread]: Connection:
[0m16:55:24.985002 [info ] [MainThread]:   host: dbc-64a4cdca-7b07.cloud.databricks.com
[0m16:55:24.985103 [info ] [MainThread]:   http_path: /sql/1.0/warehouses/df7494fde2b0ba4e
[0m16:55:24.985193 [info ] [MainThread]:   catalog: dbt
[0m16:55:24.985285 [info ] [MainThread]:   schema: source
[0m16:55:24.985506 [info ] [MainThread]: Registered adapter: databricks=1.11.7
[0m16:55:25.071350 [warn ] [MainThread]: [[33mWARNING[0m]: Use managed Iceberg tables when table_format is iceberg. When this flag is disabled, UniForm is used instead.
You may opt into the new behavior sooner by setting `flags.use_managed_iceberg` to `True` in `dbt_project.yml`.
Visit https://docs.getdbt.com/reference/global-configs/behavior-changes for more information.
[0m16:55:25.071668 [debug] [MainThread]: Sending event: {'category': 'dbt', 'action': 'BehaviorChangeEvent', 'label': 'b169daa5-68c3-4eef-9c40-8c91615086d0', 'context': [<snowplow_tracker.self_describing_json.SelfDescribingJson object at 0x10eb08260>]}
[0m16:55:25.071949 [debug] [MainThread]: Databricks adapter: DatabricksDBTConnection(session-id=None, name=debug) - Creating connection
[0m16:55:25.072051 [debug] [MainThread]: Acquiring new databricks connection 'debug'
[0m16:55:25.072144 [debug] [MainThread]: Using databricks connection "debug"
[0m16:55:25.072220 [debug] [MainThread]: On debug: select 1 as id
[0m16:55:25.072296 [debug] [MainThread]: Opening a new connection, currently in state init
[0m17:03:41.838315 [debug] [MainThread]: Sending event: {'category': 'dbt', 'action': 'invocation', 'label': 'start', 'context': [<snowplow_tracker.self_describing_json.SelfDescribingJson object at 0x1049f9e20>, <snowplow_tracker.self_describing_json.SelfDescribingJson object at 0x107e75e80>, <snowplow_tracker.self_describing_json.SelfDescribingJson object at 0x107e75be0>]}


============================== 17:03:41.840126 | 2e5de234-6731-4e39-8f71-b9e627ae7316 ==============================
[0m17:03:41.840126 [info ] [MainThread]: Running with dbt=1.11.8
[0m17:03:41.840368 [debug] [MainThread]: running dbt with arguments {'log_format': 'default', 'version_check': 'True', 'use_experimental_parser': 'False', 'use_colors': 'True', 'invocation_command': 'dbt debug', 'quiet': 'False', 'log_path': '/Users/anjalisingh/dbt_databricks_project/logs', 'printer_width': '80', 'debug': 'False', 'partial_parse': 'True', 'introspect': 'True', 'empty': 'None', 'indirect_selection': 'eager', 'cache_selected_only': 'False', 'no_print': 'None', 'static_parser': 'True', 'log_cache_events': 'False', 'profiles_dir': '/Users/anjalisingh/.dbt', 'target_path': 'None', 'send_anonymous_usage_stats': 'True', 'warn_error_options': 'WarnErrorOptionsV2(error=[], warn=[], silence=[])', 'write_json': 'True', 'warn_error': 'None', 'fail_fast': 'False'}
[0m17:03:41.847903 [info ] [MainThread]: dbt version: 1.11.8
[0m17:03:41.848067 [info ] [MainThread]: python version: 3.12.0
[0m17:03:41.848175 [info ] [MainThread]: python path: /Users/anjalisingh/dbt-env/bin/python3.12
[0m17:03:41.848268 [info ] [MainThread]: os info: macOS-26.3.1-arm64-arm-64bit
[0m17:03:42.692225 [debug] [MainThread]: Spark adapter: Setting pyhive.hive logging to ERROR
[0m17:03:42.692411 [debug] [MainThread]: Spark adapter: Setting thrift.transport logging to ERROR
[0m17:03:42.692509 [debug] [MainThread]: Spark adapter: Setting thrift.protocol logging to ERROR
[0m17:03:54.025854 [info ] [MainThread]: Using profiles dir at /Users/anjalisingh/.dbt
[0m17:03:54.026093 [info ] [MainThread]: Using profiles.yml file at /Users/anjalisingh/.dbt/profiles.yml
[0m17:03:54.026210 [info ] [MainThread]: Using dbt_project.yml file at /Users/anjalisingh/dbt_databricks_project/dbt_project.yml
[0m17:03:54.026309 [info ] [MainThread]: adapter type: databricks
[0m17:03:54.026398 [info ] [MainThread]: adapter version: 1.11.7
[0m17:03:54.059263 [info ] [MainThread]: Configuration:
[0m17:03:54.059440 [info ] [MainThread]:   profiles.yml file [[32mOK found and valid[0m]
[0m17:03:54.059540 [info ] [MainThread]:   dbt_project.yml file [[32mOK found and valid[0m]
[0m17:03:54.059630 [info ] [MainThread]: Required dependencies:
[0m17:03:54.059760 [debug] [MainThread]: Executing "git --help"
[0m17:03:54.076588 [debug] [MainThread]: STDOUT: "b"usage: git [-v | --version] [-h | --help] [-C <path>] [-c <name>=<value>]\n           [--exec-path[=<path>]] [--html-path] [--man-path] [--info-path]\n           [-p | --paginate | -P | --no-pager] [--no-replace-objects] [--no-lazy-fetch]\n           [--no-optional-locks] [--no-advice] [--bare] [--git-dir=<path>]\n           [--work-tree=<path>] [--namespace=<name>] [--config-env=<name>=<envvar>]\n           <command> [<args>]\n\nThese are common Git commands used in various situations:\n\nstart a working area (see also: git help tutorial)\n   clone      Clone a repository into a new directory\n   init       Create an empty Git repository or reinitialize an existing one\n\nwork on the current change (see also: git help everyday)\n   add        Add file contents to the index\n   mv         Move or rename a file, a directory, or a symlink\n   restore    Restore working tree files\n   rm         Remove files from the working tree and from the index\n\nexamine the history and state (see also: git help revisions)\n   bisect     Use binary search to find the commit that introduced a bug\n   diff       Show changes between commits, commit and working tree, etc\n   grep       Print lines matching a pattern\n   log        Show commit logs\n   show       Show various types of objects\n   status     Show the working tree status\n\ngrow, mark and tweak your common history\n   backfill   Download missing objects in a partial clone\n   branch     List, create, or delete branches\n   commit     Record changes to the repository\n   merge      Join two or more development histories together\n   rebase     Reapply commits on top of another base tip\n   reset      Reset current HEAD to the specified state\n   switch     Switch branches\n   tag        Create, list, delete or verify a tag object signed with GPG\n\ncollaborate (see also: git help workflows)\n   fetch      Download objects and refs from another repository\n   pull       Fetch from and integrate with another repository or a local branch\n   push       Update remote refs along with associated objects\n\n'git help -a' and 'git help -g' list available subcommands and some\nconcept guides. See 'git help <command>' or 'git help <concept>'\nto read about a specific subcommand or concept.\nSee 'git help git' for an overview of the system.\n""
[0m17:03:54.077010 [debug] [MainThread]: STDERR: "b''"
[0m17:03:54.077136 [info ] [MainThread]:  - git [[32mOK found[0m]

[0m17:03:54.077254 [info ] [MainThread]: Connection:
[0m17:03:54.077408 [info ] [MainThread]:   host: dbc-64a4cdca-7b07.cloud.databricks.com
[0m17:03:54.077500 [info ] [MainThread]:   http_path: /sql/1.0/warehouses/df7494fde2b0ba4e
[0m17:03:54.077596 [info ] [MainThread]:   catalog: dbt
[0m17:03:54.077680 [info ] [MainThread]:   schema: source
[0m17:03:54.077918 [info ] [MainThread]: Registered adapter: databricks=1.11.7
[0m17:03:54.129996 [warn ] [MainThread]: [[33mWARNING[0m]: Use managed Iceberg tables when table_format is iceberg. When this flag is disabled, UniForm is used instead.
You may opt into the new behavior sooner by setting `flags.use_managed_iceberg` to `True` in `dbt_project.yml`.
Visit https://docs.getdbt.com/reference/global-configs/behavior-changes for more information.
[0m17:03:54.130348 [debug] [MainThread]: Sending event: {'category': 'dbt', 'action': 'BehaviorChangeEvent', 'label': '2e5de234-6731-4e39-8f71-b9e627ae7316', 'context': [<snowplow_tracker.self_describing_json.SelfDescribingJson object at 0x119383b90>]}
[0m17:03:54.130646 [debug] [MainThread]: Databricks adapter: DatabricksDBTConnection(session-id=None, name=debug) - Creating connection
[0m17:03:54.130746 [debug] [MainThread]: Acquiring new databricks connection 'debug'
[0m17:03:54.130842 [debug] [MainThread]: Using databricks connection "debug"
[0m17:03:54.130921 [debug] [MainThread]: On debug: select 1 as id
[0m17:03:54.130999 [debug] [MainThread]: Opening a new connection, currently in state init
[0m17:03:55.892967 [debug] [MainThread]: Databricks adapter: Connection(session-id=01f1409a-a492-1a15-a9c5-273e3a5bbcf2) - Created
[0m17:04:12.025932 [debug] [MainThread]: SQL status: OK in 17.890 seconds
[0m17:04:12.028017 [debug] [MainThread]: Databricks adapter: Cursor(session-id=01f1409a-a492-1a15-a9c5-273e3a5bbcf2, command-id=01f1409a-a4e2-196e-b234-68f9c9f0eb79) - Closing
[0m17:04:12.562202 [debug] [MainThread]: On debug: Close
[0m17:04:12.563330 [debug] [MainThread]: Databricks adapter: Connection(session-id=01f1409a-a492-1a15-a9c5-273e3a5bbcf2) - Closing
[0m17:04:12.940576 [info ] [MainThread]:   Connection test: [[32mOK connection ok[0m]

[0m17:04:12.941604 [info ] [MainThread]: [32mAll checks passed![0m
[0m17:04:12.948702 [debug] [MainThread]: Resource report: {"command_name": "debug", "command_success": true, "command_wall_clock_time": 31.136337, "process_in_blocks": "0", "process_kernel_time": 0.339553, "process_mem_max_rss": "241762304", "process_out_blocks": "0", "process_user_time": 1.664326}
[0m17:04:12.949457 [debug] [MainThread]: Command `dbt debug` succeeded at 17:04:12.949350 after 31.14 seconds
[0m17:04:12.949968 [debug] [MainThread]: Sending event: {'category': 'dbt', 'action': 'invocation', 'label': 'end', 'context': [<snowplow_tracker.self_describing_json.SelfDescribingJson object at 0x107d32840>, <snowplow_tracker.self_describing_json.SelfDescribingJson object at 0x1077c02f0>, <snowplow_tracker.self_describing_json.SelfDescribingJson object at 0x1192620f0>]}
[0m17:04:12.950364 [debug] [MainThread]: Flushing usage events
[0m17:04:14.314951 [debug] [MainThread]: An error was encountered while trying to flush usage events
